# JRE version: Java(TM) SE Runtime Environment (8.0_92-b14) (build 1.8.0_92-b14)
# Java VM: Java HotSpot(TM) 64-Bit Server VM (25.92-b14 mixed mode windows-amd64 compressed oops)
Heap:
 PSYoungGen      total 475136K, used 44239K [0x00000000e0000000, 0x0000000100000000, 0x0000000100000000)
  eden space 433664K, 0% used [0x00000000e0000000,0x00000000e02baa48,0x00000000fa780000)
  from space 41472K, 99% used [0x00000000fa780000,0x00000000fcff92e0,0x00000000fd000000)
  to   space 49152K, 0% used [0x00000000fd000000,0x00000000fd000000,0x0000000100000000)
 ParOldGen       total 93696K, used 80806K [0x00000000a0000000, 0x00000000a5b80000, 0x00000000e0000000)
  object space 93696K, 86% used [0x00000000a0000000,0x00000000a4ee9a58,0x00000000a5b80000)
 Metaspace       used 80038K, capacity 84994K, committed 85140K, reserved 1124352K
  class space    used 10369K, capacity 11098K, committed 11196K, reserved 1048576K
GC Heap History (10 events):
Event: 2184.333 GC heap before
{Heap before GC invocations=20 (full 3):
 PSYoungGen      total 476672K, used 476669K [0x00000000e0000000, 0x0000000100000000, 0x0000000100000000)
  eden space 446464K, 100% used [0x00000000e0000000,0x00000000fb400000,0x00000000fb400000)
  from space 30208K, 99% used [0x00000000fe280000,0x00000000fffff660,0x0000000100000000)
  to   space 38912K, 0% used [0x00000000fb400000,0x00000000fb400000,0x00000000fda00000)
 ParOldGen       total 93696K, used 70705K [0x00000000a0000000, 0x00000000a5b80000, 0x00000000e0000000)
  object space 93696K, 75% used [0x00000000a0000000,0x00000000a450c6a8,0x00000000a5b80000)
 Metaspace       used 73597K, capacity 77102K, committed 77332K, reserved 1116160K
  class space    used 9660K, capacity 10254K, committed 10300K, reserved 1048576K
Event: 2184.504 GC heap after
Heap after GC invocations=20 (full 3):
 PSYoungGen      total 472576K, used 25778K [0x00000000e0000000, 0x0000000100000000, 0x0000000100000000)
  eden space 446464K, 0% used [0x00000000e0000000,0x00000000e0000000,0x00000000fb400000)
  from space 26112K, 98% used [0x00000000fb400000,0x00000000fcd2cae0,0x00000000fcd80000)
  to   space 40448K, 0% used [0x00000000fd880000,0x00000000fd880000,0x0000000100000000)
 ParOldGen       total 93696K, used 76126K [0x00000000a0000000, 0x00000000a5b80000, 0x00000000e0000000)
  object space 93696K, 81% used [0x00000000a0000000,0x00000000a4a57ab0,0x00000000a5b80000)
 Metaspace       used 73597K, capacity 77102K, committed 77332K, reserved 1116160K
  class space    used 9660K, capacity 10254K, committed 10300K, reserved 1048576K
}
Event: 2347.102 GC heap before
{Heap before GC invocations=21 (full 3):
 PSYoungGen      total 472576K, used 472242K [0x00000000e0000000, 0x0000000100000000, 0x0000000100000000)
  eden space 446464K, 100% used [0x00000000e0000000,0x00000000fb400000,0x00000000fb400000)
  from space 26112K, 98% used [0x00000000fb400000,0x00000000fcd2cae0,0x00000000fcd80000)
  to   space 40448K, 0% used [0x00000000fd880000,0x00000000fd880000,0x0000000100000000)
 ParOldGen       total 93696K, used 76126K [0x00000000a0000000, 0x00000000a5b80000, 0x00000000e0000000)
  object space 93696K, 81% used [0x00000000a0000000,0x00000000a4a57ab0,0x00000000a5b80000)
 Metaspace       used 74140K, capacity 78060K, committed 78228K, reserved 1118208K
  class space    used 9722K, capacity 10353K, committed 10428K, reserved 1048576K
Event: 2347.230 GC heap after
Heap after GC invocations=21 (full 3):
 PSYoungGen      total 471552K, used 39846K [0x00000000e0000000, 0x0000000100000000, 0x0000000100000000)
  eden space 431104K, 0% used [0x00000000e0000000,0x00000000e0000000,0x00000000fa500000)
  from space 40448K, 98% used [0x00000000fd880000,0x00000000fff698d0,0x0000000100000000)
  to   space 46592K, 0% used [0x00000000fa500000,0x00000000fa500000,0x00000000fd280000)
 ParOldGen       total 93696K, used 76134K [0x00000000a0000000, 0x00000000a5b80000, 0x00000000e0000000)
  object space 93696K, 81% used [0x00000000a0000000,0x00000000a4a59ab0,0x00000000a5b80000)
 Metaspace       used 74140K, capacity 78060K, committed 78228K, reserved 1118208K
  class space    used 9722K, capacity 10353K, committed 10428K, reserved 1048576K
}
Event: 2482.900 GC heap before
{Heap before GC invocations=22 (full 3):
 PSYoungGen      total 471552K, used 470950K [0x00000000e0000000, 0x0000000100000000, 0x0000000100000000)
  eden space 431104K, 100% used [0x00000000e0000000,0x00000000fa500000,0x00000000fa500000)
  from space 40448K, 98% used [0x00000000fd880000,0x00000000fff698d0,0x0000000100000000)
  to   space 46592K, 0% used [0x00000000fa500000,0x00000000fa500000,0x00000000fd280000)
 ParOldGen       total 93696K, used 76134K [0x00000000a0000000, 0x00000000a5b80000, 0x00000000e0000000)
  object space 93696K, 81% used [0x00000000a0000000,0x00000000a4a59ab0,0x00000000a5b80000)
 Metaspace       used 74831K, capacity 79152K, committed 79252K, reserved 1118208K
  class space    used 9777K, capacity 10421K, committed 10428K, reserved 1048576K
Event: 2483.083 GC heap after
Heap after GC invocations=22 (full 3):
 PSYoungGen      total 477696K, used 19461K [0x00000000e0000000, 0x0000000100000000, 0x0000000100000000)
  eden space 431104K, 0% used [0x00000000e0000000,0x00000000e0000000,0x00000000fa500000)
  from space 46592K, 41% used [0x00000000fa500000,0x00000000fb801768,0x00000000fd280000)
  to   space 44032K, 0% used [0x00000000fd500000,0x00000000fd500000,0x0000000100000000)
 ParOldGen       total 93696K, used 76142K [0x00000000a0000000, 0x00000000a5b80000, 0x00000000e0000000)
  object space 93696K, 81% used [0x00000000a0000000,0x00000000a4a5bab0,0x00000000a5b80000)
 Metaspace       used 74831K, capacity 79152K, committed 79252K, reserved 1118208K
  class space    used 9777K, capacity 10421K, committed 10428K, reserved 1048576K
}
Event: 2961.302 GC heap before
{Heap before GC invocations=23 (full 3):
 PSYoungGen      total 477696K, used 450537K [0x00000000e0000000, 0x0000000100000000, 0x0000000100000000)
  eden space 431104K, 99% used [0x00000000e0000000,0x00000000fa4f8ea0,0x00000000fa500000)
  from space 46592K, 41% used [0x00000000fa500000,0x00000000fb801768,0x00000000fd280000)
  to   space 44032K, 0% used [0x00000000fd500000,0x00000000fd500000,0x0000000100000000)
 ParOldGen       total 93696K, used 76142K [0x00000000a0000000, 0x00000000a5b80000, 0x00000000e0000000)
  object space 93696K, 81% used [0x00000000a0000000,0x00000000a4a5bab0,0x00000000a5b80000)
 Metaspace       used 76478K, capacity 81296K, committed 81428K, reserved 1120256K
  class space    used 10027K, capacity 10717K, committed 10812K, reserved 1048576K
Event: 2964.857 GC heap after
Heap after GC invocations=23 (full 3):
 PSYoungGen      total 470016K, used 20430K [0x00000000e0000000, 0x00000000ff880000, 0x0000000100000000)
  eden space 433664K, 0% used [0x00000000e0000000,0x00000000e0000000,0x00000000fa780000)
  from space 36352K, 56% used [0x00000000fd500000,0x00000000fe8f3840,0x00000000ff880000)
  to   space 41472K, 0% used [0x00000000fa780000,0x00000000fa780000,0x00000000fd000000)
 ParOldGen       total 93696K, used 76150K [0x00000000a0000000, 0x00000000a5b80000, 0x00000000e0000000)
  object space 93696K, 81% used [0x00000000a0000000,0x00000000a4a5dab0,0x00000000a5b80000)
 Metaspace       used 76478K, capacity 81296K, committed 81428K, reserved 1120256K
  class space    used 10027K, capacity 10717K, committed 10812K, reserved 1048576K
}
Event: 2989.604 GC heap before
{Heap before GC invocations=24 (full 3):
 PSYoungGen      total 470016K, used 454094K [0x00000000e0000000, 0x00000000ff880000, 0x0000000100000000)
  eden space 433664K, 100% used [0x00000000e0000000,0x00000000fa780000,0x00000000fa780000)
  from space 36352K, 56% used [0x00000000fd500000,0x00000000fe8f3840,0x00000000ff880000)
  to   space 41472K, 0% used [0x00000000fa780000,0x00000000fa780000,0x00000000fd000000)
 ParOldGen       total 93696K, used 76150K [0x00000000a0000000, 0x00000000a5b80000, 0x00000000e0000000)
  object space 93696K, 81% used [0x00000000a0000000,0x00000000a4a5dab0,0x00000000a5b80000)
 Metaspace       used 80038K, capacity 84994K, committed 85140K, reserved 1124352K
  class space    used 10369K, capacity 11098K, committed 11196K, reserved 1048576K
Event: 2990.082 GC heap after
Heap after GC invocations=24 (full 3):
 PSYoungGen      total 475136K, used 41444K [0x00000000e0000000, 0x0000000100000000, 0x0000000100000000)
  eden space 433664K, 0% used [0x00000000e0000000,0x00000000e0000000,0x00000000fa780000)
  from space 41472K, 99% used [0x00000000fa780000,0x00000000fcff92e0,0x00000000fd000000)
  to   space 49152K, 0% used [0x00000000fd000000,0x00000000fd000000,0x0000000100000000)
 ParOldGen       total 93696K, used 80806K [0x00000000a0000000, 0x00000000a5b80000, 0x00000000e0000000)
  object space 93696K, 86% used [0x00000000a0000000,0x00000000a4ee9a58,0x00000000a5b80000)
 Metaspace       used 80038K, capacity 84994K, committed 85140K, reserved 1124352K
  class space    used 10369K, capacity 11098K, committed 11196K, reserved 1048576K
}

